Using pre-set license
Built from '2020.3/staging' branch; Version is '2020.3.6f1 (338bb68529b2) revision 3378102'; Using compiler version '192528614'; Build Type 'Release'
OS: 'Windows 10 Pro; OS build 19042.1110; Version 2009; 64bit' Language: 'pt' Physical Memory: 16293 MB
BatchMode: 1, IsHumanControllingUs: 0, StartBugReporterOnCrash: 0, Is64bit: 1, IsPro: 0

 COMMAND LINE ARGUMENTS:
C:\Program Files\Unity\Hub\Editor\2020.3.6f1\Editor\Unity.exe
-adb2
-batchMode
-noUpm
-name
AssetImportWorker0
-projectPath
D:/GoogleDrive/Mestres da Unity/Tutoriais/DinoRun/Gravação/DinoRun/Dino Run
-logFile
Logs/AssetImportWorker0.log
-srvPort
50690
Successfully changed project path to: D:/GoogleDrive/Mestres da Unity/Tutoriais/DinoRun/Gravação/DinoRun/Dino Run
D:/GoogleDrive/Mestres da Unity/Tutoriais/DinoRun/Gravação/DinoRun/Dino Run
Using Asset Import Pipeline V2.
Refreshing native plugins compatible for Editor in 80.17 ms, found 1 plugins.
Preloading 0 native plugins for Editor in 0.00 ms.
Initialize engine version: 2020.3.6f1 (338bb68529b2)
[Subsystems] Discovering subsystems at path C:/Program Files/Unity/Hub/Editor/2020.3.6f1/Editor/Data/Resources/UnitySubsystems
[Subsystems] Discovering subsystems at path D:/GoogleDrive/Mestres da Unity/Tutoriais/DinoRun/Gravação/DinoRun/Dino Run/Assets
GfxDevice: creating device client; threaded=0
Direct3D:
    Version:  Direct3D 11.0 [level 11.1]
    Renderer: NVIDIA GeForce GTX 1050 (ID=0x1c8d)
    Vendor:   
    VRAM:     4021 MB
    Driver:   27.21.14.6079
Initialize mono
Mono path[0] = 'C:/Program Files/Unity/Hub/Editor/2020.3.6f1/Editor/Data/Managed'
Mono path[1] = 'C:/Program Files/Unity/Hub/Editor/2020.3.6f1/Editor/Data/MonoBleedingEdge/lib/mono/unityjit'
Mono config path = 'C:/Program Files/Unity/Hub/Editor/2020.3.6f1/Editor/Data/MonoBleedingEdge/etc'
Using monoOptions --debugger-agent=transport=dt_socket,embedding=1,server=y,suspend=n,address=127.0.0.1:56996
Begin MonoManager ReloadAssembly
Registering precompiled unity dll's ...
Register platform support module: C:/Program Files/Unity/Hub/Editor/2020.3.6f1/Editor/Data/PlaybackEngines/WindowsStandaloneSupport/UnityEditor.WindowsStandalone.Extensions.dll
Registered in 0.005260 seconds.
Native extension for WindowsStandalone target not found
Refreshing native plugins compatible for Editor in 63.35 ms, found 1 plugins.
Preloading 0 native plugins for Editor in 0.00 ms.
Mono: successfully reloaded assembly
- Completed reload, in  4.704 seconds
Platform modules already initialized, skipping
Registering precompiled user dll's ...
Registered in 0.003058 seconds.
Begin MonoManager ReloadAssembly
Native extension for WindowsStandalone target not found
Refreshing native plugins compatible for Editor in 238.56 ms, found 1 plugins.
Preloading 0 native plugins for Editor in 0.00 ms.
Mono: successfully reloaded assembly
- Completed reload, in  3.262 seconds
Platform modules already initialized, skipping
========================================================================
Worker process is ready to serve import requests
Launched and connected shader compiler UnityShaderCompiler.exe after 0.40 seconds
Refreshing native plugins compatible for Editor in 1.11 ms, found 1 plugins.
Preloading 0 native plugins for Editor in 0.00 ms.
Unloading 1808 Unused Serialized files (Serialized files now loaded: 0)
System memory in use before: 85.4 MB.
System memory in use after: 85.4 MB.

Unloading 24 unused Assets to reduce memory usage. Loaded Objects now: 2250.
Total: 6.505800 ms (FindLiveObjects: 0.345700 ms CreateObjectMapping: 0.129200 ms MarkObjects: 5.731100 ms  DeleteObjects: 0.296100 ms)

========================================================================
Received Prepare
Registering precompiled user dll's ...
Registered in 0.001853 seconds.
Begin MonoManager ReloadAssembly
Native extension for WindowsStandalone target not found
Refreshing native plugins compatible for Editor in 1.54 ms, found 1 plugins.
Preloading 0 native plugins for Editor in 0.00 ms.
Mono: successfully reloaded assembly
- Completed reload, in  1.883 seconds
Platform modules already initialized, skipping
Refreshing native plugins compatible for Editor in 0.65 ms, found 1 plugins.
Preloading 0 native plugins for Editor in 0.00 ms.
Unloading 1804 Unused Serialized files (Serialized files now loaded: 0)
System memory in use before: 85.4 MB.
System memory in use after: 85.4 MB.

Unloading 12 unused Assets to reduce memory usage. Loaded Objects now: 2255.
Total: 5.759900 ms (FindLiveObjects: 1.095800 ms CreateObjectMapping: 0.421700 ms MarkObjects: 4.021800 ms  DeleteObjects: 0.217300 ms)

========================================================================
Received Prepare
Registering precompiled user dll's ...
Registered in 0.002279 seconds.
Begin MonoManager ReloadAssembly
Native extension for WindowsStandalone target not found
Refreshing native plugins compatible for Editor in 1.17 ms, found 1 plugins.
Preloading 0 native plugins for Editor in 0.00 ms.
Mono: successfully reloaded assembly
- Completed reload, in  1.902 seconds
Platform modules already initialized, skipping
Refreshing native plugins compatible for Editor in 0.45 ms, found 1 plugins.
Preloading 0 native plugins for Editor in 0.00 ms.
Unloading 1804 Unused Serialized files (Serialized files now loaded: 0)
System memory in use before: 85.4 MB.
System memory in use after: 85.4 MB.

Unloading 12 unused Assets to reduce memory usage. Loaded Objects now: 2259.
Total: 3.889300 ms (FindLiveObjects: 0.274700 ms CreateObjectMapping: 0.091300 ms MarkObjects: 3.397200 ms  DeleteObjects: 0.124200 ms)

========================================================================
Received Import Request.
  path: Assets/Textures
  artifactKey: Guid(801ce79cabcdbd841bf10659d0265e5d) Importer(815301076,1909f56bfc062723c751e8b465ee728b)
Start importing Assets/Textures using Guid(801ce79cabcdbd841bf10659d0265e5d) Importer(815301076,1909f56bfc062723c751e8b465ee728b)  -> (artifact id: 'ab1874c8f0f97cce2f53dbdc904110b5') in 0.006299 seconds
  Import took 0.013743 seconds .

========================================================================
Received Import Request.
  Time since last request: 54.165309 seconds.
  path: Assets/dino.psb
  artifactKey: Guid(f86ff79c2d28d764ead3ed5e3dad7db8) Importer(815301076,1909f56bfc062723c751e8b465ee728b)
Start importing Assets/dino.psb using Guid(f86ff79c2d28d764ead3ed5e3dad7db8) Importer(815301076,1909f56bfc062723c751e8b465ee728b)  -> (artifact id: '41b460c1fb4dd4b799da50b414273590') in 0.430247 seconds
  Import took 0.434075 seconds .

========================================================================
Received Import Request.
  Time since last request: 625.190755 seconds.
  path: Assets/Textures/dino.psb
  artifactKey: Guid(f86ff79c2d28d764ead3ed5e3dad7db8) Importer(815301076,1909f56bfc062723c751e8b465ee728b)
Start importing Assets/Textures/dino.psb using Guid(f86ff79c2d28d764ead3ed5e3dad7db8) Importer(815301076,1909f56bfc062723c751e8b465ee728b)  -> (artifact id: 'c2e97bf208d29d49147e8329cb280596') in 0.114585 seconds
  Import took 0.128337 seconds .

========================================================================
Received Import Request.
  Time since last request: 243.654268 seconds.
  path: Assets/Textures/dino.psb
  artifactKey: Guid(f86ff79c2d28d764ead3ed5e3dad7db8) Importer(815301076,1909f56bfc062723c751e8b465ee728b)
Start importing Assets/Textures/dino.psb using Guid(f86ff79c2d28d764ead3ed5e3dad7db8) Importer(815301076,1909f56bfc062723c751e8b465ee728b)  -> (artifact id: '4a0453b96ce4289c6de106ec279baa57') in 0.104626 seconds
  Import took 0.110881 seconds .

========================================================================
Received Import Request.
  Time since last request: 1156.390327 seconds.
  path: Assets/Textures/dino.psb
  artifactKey: Guid(f86ff79c2d28d764ead3ed5e3dad7db8) Importer(815301076,1909f56bfc062723c751e8b465ee728b)
Start importing Assets/Textures/dino.psb using Guid(f86ff79c2d28d764ead3ed5e3dad7db8) Importer(815301076,1909f56bfc062723c751e8b465ee728b)  -> (artifact id: 'b4c23b238a1c6e76e703cd26d16f3b67') in 0.135936 seconds
  Import took 0.148631 seconds .

========================================================================
Received Import Request.
  Time since last request: 95.580031 seconds.
  path: Assets/Textures/dino.psb
  artifactKey: Guid(f86ff79c2d28d764ead3ed5e3dad7db8) Importer(815301076,1909f56bfc062723c751e8b465ee728b)
Start importing Assets/Textures/dino.psb using Guid(f86ff79c2d28d764ead3ed5e3dad7db8) Importer(815301076,1909f56bfc062723c751e8b465ee728b)  -> (artifact id: 'a43c783489a377553c4386b5f517f4de') in 0.118935 seconds
  Import took 0.129833 seconds .

========================================================================
Received Import Request.
  Time since last request: 297.557870 seconds.
  path: Assets/Textures/dino.psb
  artifactKey: Guid(f86ff79c2d28d764ead3ed5e3dad7db8) Importer(815301076,1909f56bfc062723c751e8b465ee728b)
Start importing Assets/Textures/dino.psb using Guid(f86ff79c2d28d764ead3ed5e3dad7db8) Importer(815301076,1909f56bfc062723c751e8b465ee728b)  -> (artifact id: '3d501957f5a3d9da1df1940ce2a60b31') in 0.133397 seconds
  Import took 0.140555 seconds .

AssetImportWorkerClient::OnTransportError - code=2 error=End of file
